<?xml version='1.0'?>
<ns2:test-suite xmlns:ns2='urn:model.allure.qatools.yandex.ru' start='1586322384862' stop='1586322388784'>
    <name>Check Allure report</name>
    <title>Check Allure report</title>
    <test-cases>
        <test-case start='1586322384872' status='failed' stop='1586322388678'>
            <name>Test-1:Failed Test </name>
            <title>Test-1:Failed Test </title>
            <labels>
                <label name='language' value='javascript'/>
                <label name='framework' value='wdio'/>
                <label name='thread' value='0-0'/>
            </labels>
            <parameters>
                <parameter kind='argument' name='browser' value='chrome-80.0.3987.149'/>
            </parameters>
            <steps/>
            <attachments>
                <attachment title='Screenshot' source='c132a0da-5fb2-4a3e-83a2-4d8aa8d9ed20-attachment.png' type='image/png' size='571381'/>
                <attachment title='Execution video' source='a4f2bcb3-f509-4ce5-b770-1b4457517105-attachment.mp4' type='video/mp4' size='123'/>
            </attachments>
            <failure>
                <message>expected true to be false</message>
                <stack-trace>AssertionError: expected true to be false
                    at Context.&lt;anonymous> (D:\WebDriverIO\Practice\reportsDemo\test\specs\allureDemo\allureFirst.spec.js:5:25)
                    at Context.executeSync (D:\WebDriverIO\Practice\reportsDemo\node_modules\@wdio\sync\build\index.js:56:18)
                    at D:\WebDriverIO\Practice\reportsDemo\node_modules\@wdio\sync\build\index.js:82:70</stack-trace>
            </failure>
        </test-case>
        <test-case start='1586322388777' status='passed' stop='1586322388780'>
            <name>Test-2: Passed Test </name>
            <title>Test-2: Passed Test </title>
            <labels>
                <label name='language' value='javascript'/>
                <label name='framework' value='wdio'/>
                <label name='thread' value='0-0'/>
            </labels>
            <parameters>
                <parameter kind='argument' name='browser' value='chrome-80.0.3987.149'/>
            </parameters>
            <steps/>
            <attachments/>
        </test-case>
        <test-case start='1586322388783' status='pending' stop='1586322388783'>
            <name>Test-3: Skipped Test </name>
            <title>Test-3: Skipped Test </title>
            <labels/>
            <parameters/>
            <steps/>
            <attachments/>
            <failure>
                <message>Test ignored</message>
                <stack-trace>undefined</stack-trace>
            </failure>
        </test-case>
    </test-cases>
</ns2:test-suite>