<?xml version='1.0'?>
<ns2:test-suite xmlns:ns2='urn:model.allure.qatools.yandex.ru' start='1586321936583' stop='1586321943187'>
    <name>Check Allure report</name>
    <title>Check Allure report</title>
    <test-cases>
        <test-case start='1586321936598' status='failed' stop='1586321939802'>
            <name>Test-1:Failed Test </name>
            <title>Test-1:Failed Test </title>
            <labels>
                <label name='language' value='javascript'/>
                <label name='framework' value='wdio'/>
                <label name='thread' value='0-1'/>
            </labels>
            <parameters>
                <parameter kind='argument' name='browser' value='chrome-80.0.3987.149'/>
            </parameters>
            <steps/>
            <attachments>
                <attachment title='Screenshot' source='294750d6-04f3-4bd5-bb30-099ed15863f7-attachment.png' type='image/png' size='574525'/>
                <attachment title='Execution video' source='10a49c00-f8f1-4cb0-acea-d7fec00a6f30-attachment.mp4' type='video/mp4' size='123'/>
            </attachments>
            <failure>
                <message>expected true to be false</message>
                <stack-trace>AssertionError: expected true to be false
                    at Context.&lt;anonymous> (D:\WebDriverIO\Practice\reportsDemo\test\specs\allureDemo\allureSecond.spec.js:6:25)
                    at Context.executeSync (D:\WebDriverIO\Practice\reportsDemo\node_modules\@wdio\sync\build\index.js:56:18)
                    at D:\WebDriverIO\Practice\reportsDemo\node_modules\@wdio\sync\build\index.js:82:70</stack-trace>
            </failure>
        </test-case>
        <test-case start='1586321939844' status='broken' stop='1586321943098'>
            <name>Test-2: Passed Test </name>
            <title>Test-2: Passed Test </title>
            <labels>
                <label name='language' value='javascript'/>
                <label name='framework' value='wdio'/>
                <label name='thread' value='0-1'/>
            </labels>
            <parameters>
                <parameter kind='argument' name='browser' value='chrome-80.0.3987.149'/>
            </parameters>
            <steps/>
            <attachments>
                <attachment title='Screenshot' source='eedd6098-949c-460b-b3aa-4a793382135a-attachment.png' type='image/png' size='802336'/>
                <attachment title='Screenshot' source='068595c2-b3e2-4fb2-a2c2-221032320cde-attachment.png' type='image/png' size='802336'/>
                <attachment title='Execution video' source='f257253b-99ea-4f8f-a205-f38df178bd13-attachment.mp4' type='video/mp4' size='124'/>
            </attachments>
            <failure>
                <message>status is not defined</message>
                <stack-trace>ReferenceError: status is not defined
                    at Context.&lt;anonymous> (D:\WebDriverIO\Practice\reportsDemo\test\specs\allureDemo\allureSecond.spec.js:12:30)
                    at Context.executeSync (D:\WebDriverIO\Practice\reportsDemo\node_modules\@wdio\sync\build\index.js:56:18)
                    at D:\WebDriverIO\Practice\reportsDemo\node_modules\@wdio\sync\build\index.js:82:70</stack-trace>
            </failure>
        </test-case>
        <test-case start='1586321943183' status='pending' stop='1586321943183'>
            <name>Test-3: Skipped Test </name>
            <title>Test-3: Skipped Test </title>
            <labels/>
            <parameters/>
            <steps/>
            <attachments/>
            <failure>
                <message>Test ignored</message>
                <stack-trace>undefined</stack-trace>
            </failure>
        </test-case>
    </test-cases>
</ns2:test-suite>