<?xml version='1.0'?>
<ns2:test-suite xmlns:ns2='urn:model.allure.qatools.yandex.ru' start='1586324942588' stop='1586324946793'>
    <name>Check Allure report</name>
    <title>Check Allure report</title>
    <test-cases>
        <test-case start='1586324942597' status='failed' stop='1586324945110'>
            <name>Test-1:Failed Test </name>
            <title>Test-1:Failed Test </title>
            <labels>
                <label name='language' value='javascript'/>
                <label name='framework' value='wdio'/>
                <label name='thread' value='0-1'/>
            </labels>
            <parameters>
                <parameter kind='argument' name='browser' value='chrome-80.0.3987.149'/>
            </parameters>
            <steps/>
            <attachments>
                <attachment title='Screenshot' source='9a8b458a-4332-4795-81be-eac70e801585-attachment.png' type='image/png' size='574525'/>
                <attachment title='Execution video' source='233171b7-79d6-4d88-acb4-0730b0d68ec8-attachment.mp4' type='video/mp4' size='120'/>
            </attachments>
            <failure>
                <message>expected true to be false</message>
                <stack-trace>AssertionError: expected true to be false
                    at Context.&lt;anonymous> (D:\WebDriverIO\Practice\reportsDemo\test\specs\allureDemo\allureSecond.spec.js:6:25)
                    at Context.executeSync (D:\WebDriverIO\Practice\reportsDemo\node_modules\@wdio\sync\build\index.js:56:18)
                    at D:\WebDriverIO\Practice\reportsDemo\node_modules\@wdio\sync\build\index.js:82:70</stack-trace>
            </failure>
        </test-case>
        <test-case start='1586324945164' status='broken' stop='1586324946764'>
            <name>Test-2: Passed Test </name>
            <title>Test-2: Passed Test </title>
            <labels>
                <label name='language' value='javascript'/>
                <label name='framework' value='wdio'/>
                <label name='thread' value='0-1'/>
            </labels>
            <parameters>
                <parameter kind='argument' name='browser' value='chrome-80.0.3987.149'/>
            </parameters>
            <steps/>
            <attachments>
                <attachment title='Screenshot' source='4ca2066b-69a1-4a08-b496-56a6555b687e-attachment.png' type='image/png' size='571381'/>
                <attachment title='Screenshot' source='d6798908-fcf9-4052-a78b-051e16bc24df-attachment.png' type='image/png' size='571381'/>
                <attachment title='Execution video' source='05b691ac-0a41-4605-b4b5-ef461bbc2e66-attachment.mp4' type='video/mp4' size='121'/>
            </attachments>
            <failure>
                <message>status is not defined</message>
                <stack-trace>ReferenceError: status is not defined
                    at Context.&lt;anonymous> (D:\WebDriverIO\Practice\reportsDemo\test\specs\allureDemo\allureSecond.spec.js:12:30)
                    at Context.executeSync (D:\WebDriverIO\Practice\reportsDemo\node_modules\@wdio\sync\build\index.js:56:18)
                    at D:\WebDriverIO\Practice\reportsDemo\node_modules\@wdio\sync\build\index.js:82:70</stack-trace>
            </failure>
        </test-case>
        <test-case start='1586324946792' status='pending' stop='1586324946792'>
            <name>Test-3: Skipped Test </name>
            <title>Test-3: Skipped Test </title>
            <labels/>
            <parameters/>
            <steps/>
            <attachments/>
            <failure>
                <message>Test ignored</message>
                <stack-trace>undefined</stack-trace>
            </failure>
        </test-case>
    </test-cases>
</ns2:test-suite>